2024-06-19 00:00:53 [main] INFO  c.b.c.s.impl.OdontologoServiceTest - Starting OdontologoServiceTest using Java 17.0.11 on MacBook-Air-de-gsarmiento.local with PID 2024 (started by gsarmiento in /Users/gsarmiento/Documents/Cursos/GlobantMercadoLibre/Backend/SARMIENTO-GLADYS_GIRALDO-LIZETH_FINAL/clinica-dental-lg)
2024-06-19 00:00:53 [main] INFO  c.b.c.s.impl.OdontologoServiceTest - No active profile set, falling back to 1 default profile: "default"
2024-06-19 00:00:55 [main] INFO  o.s.d.r.c.RepositoryConfigurationDelegate - Bootstrapping Spring Data JPA repositories in DEFAULT mode.
2024-06-19 00:00:55 [main] INFO  o.s.d.r.c.RepositoryConfigurationDelegate - Finished Spring Data repository scanning in 176 ms. Found 3 JPA repository interfaces.
2024-06-19 00:00:59 [main] INFO  com.zaxxer.hikari.HikariDataSource - HikariPool-1 - Starting...
2024-06-19 00:01:00 [main] INFO  com.zaxxer.hikari.HikariDataSource - HikariPool-1 - Start completed.
2024-06-19 00:01:03 [main] INFO  o.s.o.j.LocalContainerEntityManagerFactoryBean - Initialized JPA EntityManagerFactory for persistence unit 'default'
2024-06-19 00:01:08 [main] WARN  o.s.b.a.o.j.JpaBaseConfiguration$JpaWebConfiguration - spring.jpa.open-in-view is enabled by default. Therefore, database queries may be performed during view rendering. Explicitly configure spring.jpa.open-in-view to disable this warning
2024-06-19 00:01:09 [main] INFO  o.s.b.a.h.H2ConsoleAutoConfiguration - H2 console available at '/h2-console'. Database available at 'jdbc:h2:~/clinicaDentalTest'
2024-06-19 00:01:10 [main] INFO  c.b.c.s.impl.OdontologoServiceTest - Started OdontologoServiceTest in 18.896 seconds (JVM running for 23.472)
2024-06-19 00:01:11 [main] INFO  c.b.c.service.impl.OdontologoService - Odontologo registrado con exito{  "id": 1,  "numeroDeMatricula": 2,  "nombre": "Gladys",  "apellido": "Sarmiento"}
2024-06-19 00:01:12 [SpringApplicationShutdownHook] INFO  o.s.o.j.LocalContainerEntityManagerFactoryBean - Closing JPA EntityManagerFactory for persistence unit 'default'
2024-06-19 00:01:12 [SpringApplicationShutdownHook] INFO  com.zaxxer.hikari.HikariDataSource - HikariPool-1 - Shutdown initiated...
2024-06-19 00:01:12 [SpringApplicationShutdownHook] INFO  com.zaxxer.hikari.HikariDataSource - HikariPool-1 - Shutdown completed.
2024-06-19 00:03:01 [main] INFO  c.b.c.s.impl.OdontologoServiceTest - Starting OdontologoServiceTest using Java 17.0.11 on MacBook-Air-de-gsarmiento.local with PID 2034 (started by gsarmiento in /Users/gsarmiento/Documents/Cursos/GlobantMercadoLibre/Backend/SARMIENTO-GLADYS_GIRALDO-LIZETH_FINAL/clinica-dental-lg)
2024-06-19 00:03:01 [main] INFO  c.b.c.s.impl.OdontologoServiceTest - No active profile set, falling back to 1 default profile: "default"
2024-06-19 00:03:05 [main] INFO  o.s.d.r.c.RepositoryConfigurationDelegate - Bootstrapping Spring Data JPA repositories in DEFAULT mode.
2024-06-19 00:03:05 [main] INFO  o.s.d.r.c.RepositoryConfigurationDelegate - Finished Spring Data repository scanning in 223 ms. Found 3 JPA repository interfaces.
2024-06-19 00:03:09 [main] INFO  com.zaxxer.hikari.HikariDataSource - HikariPool-1 - Starting...
2024-06-19 00:03:09 [main] INFO  com.zaxxer.hikari.HikariDataSource - HikariPool-1 - Start completed.
2024-06-19 00:03:12 [main] INFO  o.s.o.j.LocalContainerEntityManagerFactoryBean - Initialized JPA EntityManagerFactory for persistence unit 'default'
2024-06-19 00:03:16 [main] WARN  o.s.b.a.o.j.JpaBaseConfiguration$JpaWebConfiguration - spring.jpa.open-in-view is enabled by default. Therefore, database queries may be performed during view rendering. Explicitly configure spring.jpa.open-in-view to disable this warning
2024-06-19 00:03:17 [main] INFO  o.s.b.a.h.H2ConsoleAutoConfiguration - H2 console available at '/h2-console'. Database available at 'jdbc:h2:~/clinicaDentalTest'
2024-06-19 00:03:18 [main] INFO  c.b.c.s.impl.OdontologoServiceTest - Started OdontologoServiceTest in 18.118 seconds (JVM running for 23.311)
2024-06-19 00:03:19 [main] INFO  c.b.c.service.impl.OdontologoService - Odontologo registrado con exito{  "id": 1,  "numeroDeMatricula": 2,  "nombre": "Gladys",  "apellido": "Sarmiento"}
2024-06-19 00:03:20 [SpringApplicationShutdownHook] INFO  o.s.o.j.LocalContainerEntityManagerFactoryBean - Closing JPA EntityManagerFactory for persistence unit 'default'
2024-06-19 00:03:20 [SpringApplicationShutdownHook] INFO  com.zaxxer.hikari.HikariDataSource - HikariPool-1 - Shutdown initiated...
2024-06-19 00:03:20 [SpringApplicationShutdownHook] INFO  com.zaxxer.hikari.HikariDataSource - HikariPool-1 - Shutdown completed.
